[debug] [2020-03-23T05:39:30.471Z] ----------------------------------------------------------------------
[debug] [2020-03-23T05:39:30.475Z] Command:       C:\Program Files\nodejs\node.exe C:\Users\ASASASQ\AppData\Roaming\npm\node_modules\firebase-tools\lib\bin\firebase.js init
[debug] [2020-03-23T05:39:30.475Z] CLI Version:   7.15.1
[debug] [2020-03-23T05:39:30.475Z] Platform:      win32
[debug] [2020-03-23T05:39:30.475Z] Node Version:  v12.16.1
[debug] [2020-03-23T05:39:30.477Z] Time:          Mon Mar 23 2020 07:39:30 GMT+0200 (Eastern European Standard Time)
[debug] [2020-03-23T05:39:30.477Z] ----------------------------------------------------------------------
[debug] [2020-03-23T05:39:30.477Z] 
[debug] [2020-03-23T05:39:30.487Z] > command requires scopes: ["email","openid","https://www.googleapis.com/auth/cloudplatformprojects.readonly","https://www.googleapis.com/auth/firebase","https://www.googleapis.com/auth/cloud-platform"]
[debug] [2020-03-23T05:39:30.487Z] > authorizing via signed-in user
[info] 
     ######## #### ########  ######## ########     ###     ######  ########
     ##        ##  ##     ## ##       ##     ##  ##   ##  ##       ##
     ######    ##  ########  ######   ########  #########  ######  ######
     ##        ##  ##    ##  ##       ##     ## ##     ##       ## ##
     ##       #### ##     ## ######## ########  ##     ##  ######  ########

You're about to initialize a Firebase project in this directory:

  E:\Node-projects_and_tutorials\Api$

[info] 
=== Project Setup
[info] 
[info] First, let's associate this project directory with a Firebase project.
[info] You can create multiple project aliases by running firebase use --add, 
[info] but for now we'll just set up a default project.
[info] 
[debug] [2020-03-23T05:39:57.204Z] >>> HTTP REQUEST GET https://firebase.googleapis.com/v1beta1/projects?pageSize=100  
 
[debug] [2020-03-23T05:39:58.494Z] <<< HTTP RESPONSE 200
[info] i  Using project graduationproject-b8c20 (GraduationProject)
[info] 
=== Database Setup
[info] 
[info] Firebase Realtime Database Rules allow you to define how your data should be
[info] structured and when your data can be read from and written to.
[info] 
[debug] [2020-03-23T05:41:00.641Z] >>> HTTP REQUEST GET https://graduationproject-b8c20.firebaseio.com/.settings/rules.json  
 
[debug] [2020-03-23T05:41:32.480Z] ----------------------------------------------------------------------
[debug] [2020-03-23T05:41:32.483Z] Command:       C:\Program Files\nodejs\node.exe C:\Users\ASASASQ\AppData\Roaming\npm\node_modules\firebase-tools\lib\bin\firebase.js init
[debug] [2020-03-23T05:41:32.483Z] CLI Version:   7.15.1
[debug] [2020-03-23T05:41:32.483Z] Platform:      win32
[debug] [2020-03-23T05:41:32.483Z] Node Version:  v12.16.1
[debug] [2020-03-23T05:41:32.485Z] Time:          Mon Mar 23 2020 07:41:32 GMT+0200 (Eastern European Standard Time)
[debug] [2020-03-23T05:41:32.485Z] ----------------------------------------------------------------------
[debug] [2020-03-23T05:41:32.485Z] 
[debug] [2020-03-23T05:41:32.494Z] > command requires scopes: ["email","openid","https://www.googleapis.com/auth/cloudplatformprojects.readonly","https://www.googleapis.com/auth/firebase","https://www.googleapis.com/auth/cloud-platform"]
[debug] [2020-03-23T05:41:32.495Z] > authorizing via signed-in user
[info] 
     ######## #### ########  ######## ########     ###     ######  ########
     ##        ##  ##     ## ##       ##     ##  ##   ##  ##       ##
     ######    ##  ########  ######   ########  #########  ######  ######
     ##        ##  ##    ##  ##       ##     ## ##     ##       ## ##
     ##       #### ##     ## ######## ########  ##     ##  ######  ########

You're about to initialize a Firebase project in this directory:

  E:\Node-projects_and_tutorials\Api$

[info] 
=== Project Setup
[info] 
[info] First, let's associate this project directory with a Firebase project.
[info] You can create multiple project aliases by running firebase use --add, 
[info] but for now we'll just set up a default project.
[info] 
[debug] [2020-03-23T05:41:44.372Z] >>> HTTP REQUEST GET https://firebase.googleapis.com/v1beta1/projects?pageSize=100  
 
[debug] [2020-03-23T05:41:56.669Z] Error: kill ENOSYS
    at process.kill (internal/process/per_thread.js:196:13)
    at process.listener (C:\Users\ASASASQ\AppData\Roaming\npm\node_modules\firebase-tools\node_modules\signal-exit\index.js:95:15)
    at process.emit (events.js:311:20)
[error] 
[error] Error: An unexpected error has occurred.
